#
# A fatal error has been detected by the Java Runtime Environment:
#
#  EXCEPTION_ACCESS_VIOLATION (0xc0000005) at pc=0x00007ffa36dec363, pid=10780, tid=5012
#
# JRE version: OpenJDK Runtime Environment Temurin-17.0.4+8 (17.0.4+8) (build 17.0.4+8)
# Java VM: OpenJDK 64-Bit Server VM Temurin-17.0.4+8 (17.0.4+8, mixed mode, sharing, tiered, compressed oops, compressed class ptrs, g1 gc, windows-amd64)
# Problematic frame:
# C  [ig9icd64.dll+0x9ec363]
#
# No core dump will be written. Minidumps are not enabled by default on client versions of Windows
#
# If you would like to submit a bug report, please visit:
#   https://github.com/adoptium/adoptium-support/issues
# The crash happened outside the Java Virtual Machine in native code.
# See problematic frame for where to report the bug.
#

---------------  S U M M A R Y ------------

Command Line: -ea -agentlib:jdwp=transport=dt_shmem,address=javadebug -Dfile.encoding=UTF-8 bluej.runtime.ExecServer UTF-8

Host: Intel(R) Core(TM) i7-8565U CPU @ 1.80GHz, 8 cores, 7G,  Windows 11 , 64 bit Build 22621 (10.0.22621.1778)
Time: Wed Jun 21 10:38:21 2023 Mitteleuropäische Sommerzeit elapsed time: 316.622244 seconds (0d 0h 5m 16s)

---------------  T H R E A D  ---------------

Current thread (0x000001fca065fb20):  JavaThread "Java2D Queue Flusher" daemon [_thread_in_native, id=5012, stack(0x000000517b900000,0x000000517ba00000)]

Stack: [0x000000517b900000,0x000000517ba00000],  sp=0x000000517b9fe9a8,  free space=1018k
Native frames: (J=compiled Java code, j=interpreted, Vv=VM code, C=native code)
C  [ig9icd64.dll+0x9ec363]

Java frames: (J=compiled Java code, j=interpreted, Vv=VM code)
J 1963  sun.java2d.opengl.OGLRenderQueue.flushBuffer(JI)V java.desktop@17.0.4 (0 bytes) @ 0x000001fc9099d8e3 [0x000001fc9099d8a0+0x0000000000000043]
J 1957 c1 sun.java2d.opengl.OGLRenderQueue.flushBuffer()V java.desktop@17.0.4 (41 bytes) @ 0x000001fc8977460c [0x000001fc897744e0+0x000000000000012c]
j  sun.java2d.opengl.OGLRenderQueue$QueueFlusher.run()V+81 java.desktop@17.0.4
j  java.lang.Thread.run()V+11 java.base@17.0.4
v  ~StubRoutines::call_stub

siginfo: EXCEPTION_ACCESS_VIOLATION (0xc0000005), reading address 0x00007ffd7700d840


Register to memory mapping:

RIP=0x00007ffa36dec363 ig9icd64.dll
RAX=0x000000000fff0fff is an unknown value
RBX=0x00007ffa36400000 ig9icd64.dll
RCX=0x000000033fcf3fcc is an unknown value
RDX=0x000000517b9feec0 is pointing into the stack for thread: 0x000001fca065fb20
RSP=0x000000517b9fe9a8 is pointing into the stack for thread: 0x000001fca065fb20
RBP=0x000000517b9feab0 is pointing into the stack for thread: 0x000001fca065fb20
RSI=0x000001fca5b49f20 points into unknown readable memory: 0x0000000000000000 | 00 00 00 00 00 00 00 00
RDI=0x000000517b9fecb0 is pointing into the stack for thread: 0x000001fca065fb20
R8 =0x000000517b9feae0 is pointing into the stack for thread: 0x000001fca065fb20
R9 =0x000000517b9feec0 is pointing into the stack for thread: 0x000001fca065fb20
R10=0x000000517b9fecb0 is pointing into the stack for thread: 0x000001fca065fb20
R11=0x0 is NULL
R12=0x00000000000001c1 is an unknown value
R13=0x0 is NULL
R14=0x0 is NULL
R15=0x0 is NULL


Registers:
RAX=0x000000000fff0fff, RBX=0x00007ffa36400000, RCX=0x000000033fcf3fcc, RDX=0x000000517b9feec0
RSP=0x000000517b9fe9a8, RBP=0x000000517b9feab0, RSI=0x000001fca5b49f20, RDI=0x000000517b9fecb0
R8 =0x000000517b9feae0, R9 =0x000000517b9feec0, R10=0x000000517b9fecb0, R11=0x0000000000000000
R12=0x00000000000001c1, R13=0x0000000000000000, R14=0x0000000000000000, R15=0x0000000000000000
RIP=0x00007ffa36dec363, EFLAGS=0x0000000000010206

Top of Stack: (sp=0x000000517b9fe9a8)
0x000000517b9fe9a8:   00007ffa36de9a9b 0000000000000001
0x000000517b9fe9b8:   0000000000000000 000001fca65f3700
0x000000517b9fe9c8:   00007ffa916a2622 0000000000000065
0x000000517b9fe9d8:   000000517b9febe0 0000000000000000
0x000000517b9fe9e8:   000001fcb160d800 0000000000000000
0x000000517b9fe9f8:   000001fca5c28050 000000004000afc0
0x000000517b9fea08:   0000000000000000 000001fca65f37d0
0x000000517b9fea18:   0000000000001100 000000517b9feb90
0x000000517b9fea28:   00007ffa36a88730 0000000000000000
0x000000517b9fea38:   0000000000000000 0000000000000000
0x000000517b9fea48:   0000000000000000 00000c72a8f4fb94
0x000000517b9fea58:   00007ffa36427cf5 00006dd34d3630b0
0x000000517b9fea68:   0000000000004001 0000000000000700
0x000000517b9fea78:   0000000000000000 0000000000000000
0x000000517b9fea88:   00007ffaa026d19a 000000000019002a
0x000000517b9fea98:   0000000000000050 000001fca5e9a890 

Instructions: (pc=0x00007ffa36dec363)
0x00007ffa36dec263:   11 59 31 00 48 89 51 08 48 89 01 8b 44 24 28 89
0x00007ffa36dec273:   41 20 8b 44 24 30 89 41 24 48 8b c1 4c 89 41 10
0x00007ffa36dec283:   4c 89 49 18 c3 cc cc cc cc cc cc cc cc 48 89 5c
0x00007ffa36dec293:   24 08 8b 41 5c 48 8d 1d 61 3d 61 ff 41 89 40 08
0x00007ffa36dec2a3:   4c 8b d1 8b 41 60 45 33 db 41 89 40 0c 4c 8b ca
0x00007ffa36dec2b3:   8b 41 64 41 89 40 10 8b 41 68 41 89 40 14 8b 41
0x00007ffa36dec2c3:   6c 41 89 40 18 8b 41 70 41 89 40 1c 48 63 41 74
0x00007ffa36dec2d3:   48 6b c8 34 8b 84 19 74 98 f1 00 41 89 40 20 8b
0x00007ffa36dec2e3:   84 19 78 98 f1 00 41 89 40 24 8b 84 19 7c 98 f1
0x00007ffa36dec2f3:   00 41 89 40 28 8b 84 19 80 98 f1 00 41 89 40 2c
0x00007ffa36dec303:   8b 84 19 64 98 f1 00 41 89 40 30 8b 84 19 68 98
0x00007ffa36dec313:   f1 00 41 89 40 34 8b 84 19 6c 98 f1 00 41 89 40
0x00007ffa36dec323:   38 8b 84 19 70 98 f1 00 41 89 40 3c 8b 84 19 54
0x00007ffa36dec333:   98 f1 00 41 89 40 40 8b 84 19 58 98 f1 00 41 89
0x00007ffa36dec343:   40 44 8b 84 19 5c 98 f1 00 41 89 40 48 8b 84 19
0x00007ffa36dec353:   60 98 f1 00 41 89 40 4c 49 63 42 78 48 6b c8 34
0x00007ffa36dec363:   8b 84 19 74 98 f1 00 41 89 40 50 8b 84 19 78 98
0x00007ffa36dec373:   f1 00 41 89 40 54 8b 84 19 7c 98 f1 00 41 89 40
0x00007ffa36dec383:   58 8b 84 19 80 98 f1 00 41 89 40 5c 8b 84 19 64
0x00007ffa36dec393:   98 f1 00 41 89 40 60 8b 84 19 68 98 f1 00 41 89
0x00007ffa36dec3a3:   40 64 8b 84 19 6c 98 f1 00 41 89 40 68 8b 84 19
0x00007ffa36dec3b3:   70 98 f1 00 41 89 40 6c 8b 84 19 54 98 f1 00 41
0x00007ffa36dec3c3:   89 40 70 8b 84 19 58 98 f1 00 41 89 40 74 8b 84
0x00007ffa36dec3d3:   19 5c 98 f1 00 41 89 40 78 8b 84 19 60 98 f1 00
0x00007ffa36dec3e3:   41 89 40 7c 48 8b 42 18 8b 88 38 0b 00 00 f6 c1
0x00007ffa36dec3f3:   08 0f 84 86 00 00 00 8b 80 3c 0b 00 00 41 89 80
0x00007ffa36dec403:   80 00 00 00 48 8b 42 18 8b 88 40 0b 00 00 41 89
0x00007ffa36dec413:   88 84 00 00 00 48 8b 42 18 8b 88 44 0b 00 00 41
0x00007ffa36dec423:   89 88 88 00 00 00 48 8b 42 18 8b 88 48 0b 00 00
0x00007ffa36dec433:   41 89 88 8c 00 00 00 48 8b 42 18 8b 88 4c 0b 00
0x00007ffa36dec443:   00 41 89 88 90 00 00 00 48 8b 42 18 8b 88 50 0b
0x00007ffa36dec453:   00 00 41 89 88 94 00 00 00 48 8b 42 18 8b 88 54 


Stack slot to memory mapping:
stack at sp + 0 slots: 0x00007ffa36de9a9b ig9icd64.dll
stack at sp + 1 slots: 0x0000000000000001 is an unknown value
stack at sp + 2 slots: 0x0 is NULL
stack at sp + 3 slots: 0x000001fca65f3700 points into unknown readable memory: 0x0000000000000000 | 00 00 00 00 00 00 00 00
stack at sp + 4 slots: 0x00007ffa916a2622 igdgmm64.dll
stack at sp + 5 slots: 0x0000000000000065 is an unknown value
stack at sp + 6 slots: 0x000000517b9febe0 is pointing into the stack for thread: 0x000001fca065fb20
stack at sp + 7 slots: 0x0 is NULL


---------------  P R O C E S S  ---------------

Threads class SMR info:
_java_thread_list=0x000001fca60d4af0, length=44, elements={
0x000001fc9fa3f140, 0x000001fc9fa3fcf0, 0x000001fc9fa52380, 0x000001fc9fa55e50,
0x000001fc9fa56800, 0x000001fc9fa57950, 0x000001fc9fa59290, 0x000001fc9fa65260,
0x000001fc9fa5a420, 0x000001fca0630190, 0x000001fca063cbb0, 0x000001fca0647af0,
0x000001fca0b3cbd0, 0x000001fca0b42ae0, 0x000001fca0b238c0, 0x000001fcff7ad080,
0x000001fca065fb20, 0x000001fca5bce7b0, 0x000001fca5bf6470, 0x000001fca5acf0a0,
0x000001fca5acd3c0, 0x000001fca5acff10, 0x000001fca5acf570, 0x000001fca5acfa40,
0x000001fca5ace230, 0x000001fca5acc550, 0x000001fca5acca20, 0x000001fca5acd890,
0x000001fca5acebd0, 0x000001fca5acdd60, 0x000001fca6001770, 0x000001fca6002ab0,
0x000001fca6005130, 0x000001fca6000900, 0x000001fca5ffd8e0, 0x000001fca6003df0,
0x000001fca5ffddb0, 0x000001fca5ffff60, 0x000001fca6000dd0, 0x000001fca6002110,
0x000001fca6003450, 0x000001fca60042c0, 0x000001fca6000430, 0x000001fca60012a0
}

Java Threads: ( => current thread )
  0x000001fc9fa3f140 JavaThread "Reference Handler" daemon [_thread_blocked, id=18668, stack(0x000000517a800000,0x000000517a900000)]
  0x000001fc9fa3fcf0 JavaThread "Finalizer" daemon [_thread_blocked, id=8800, stack(0x000000517a900000,0x000000517aa00000)]
  0x000001fc9fa52380 JavaThread "Signal Dispatcher" daemon [_thread_blocked, id=18216, stack(0x000000517aa00000,0x000000517ab00000)]
  0x000001fc9fa55e50 JavaThread "Attach Listener" daemon [_thread_blocked, id=8524, stack(0x000000517ab00000,0x000000517ac00000)]
  0x000001fc9fa56800 JavaThread "Service Thread" daemon [_thread_blocked, id=11340, stack(0x000000517ac00000,0x000000517ad00000)]
  0x000001fc9fa57950 JavaThread "Monitor Deflation Thread" daemon [_thread_blocked, id=4220, stack(0x000000517ad00000,0x000000517ae00000)]
  0x000001fc9fa59290 JavaThread "C2 CompilerThread0" daemon [_thread_blocked, id=14344, stack(0x000000517ae00000,0x000000517af00000)]
  0x000001fc9fa65260 JavaThread "C1 CompilerThread0" daemon [_thread_blocked, id=17808, stack(0x000000517af00000,0x000000517b000000)]
  0x000001fc9fa5a420 JavaThread "Sweeper thread" daemon [_thread_blocked, id=7008, stack(0x000000517b000000,0x000000517b100000)]
  0x000001fca0630190 JavaThread "JDWP Event Helper Thread" daemon [_thread_blocked, id=17180, stack(0x000000517b200000,0x000000517b300000)]
  0x000001fca063cbb0 JavaThread "Notification Thread" daemon [_thread_blocked, id=10676, stack(0x000000517b400000,0x000000517b500000)]
  0x000001fca0647af0 JavaThread "Common-Cleaner" daemon [_thread_blocked, id=7668, stack(0x000000517b600000,0x000000517b700000)]
  0x000001fca0b3cbd0 JavaThread "Java2D Disposer" daemon [_thread_blocked, id=5504, stack(0x000000517b800000,0x000000517b900000)]
  0x000001fca0b42ae0 JavaThread "AWT-Windows" daemon [_thread_in_native, id=7836, stack(0x000000517ba00000,0x000000517bb00000)]
  0x000001fca0b238c0 JavaThread "BlueJ worker thread" [_thread_blocked, id=16080, stack(0x000000517bc00000,0x000000517bd00000)]
  0x000001fcff7ad080 JavaThread "DestroyJavaVM" [_thread_blocked, id=6736, stack(0x000000517a100000,0x000000517a200000)]
=>0x000001fca065fb20 JavaThread "Java2D Queue Flusher" daemon [_thread_in_native, id=5012, stack(0x000000517b900000,0x000000517ba00000)]
  0x000001fca5bce7b0 JavaThread "AWT-Shutdown" [_thread_blocked, id=8700, stack(0x000000517bf00000,0x000000517c000000)]
  0x000001fca5bf6470 JavaThread "AWT-EventQueue-0" [_thread_blocked, id=7376, stack(0x000000517c000000,0x000000517c100000)]
  0x000001fca5acf0a0 JavaThread "pool-1-thread-1" [_thread_blocked, id=10132, stack(0x000000517c100000,0x000000517c200000)]
  0x000001fca5acd3c0 JavaThread "Zeichenthread" daemon [_thread_blocked, id=13012, stack(0x000000517c200000,0x000000517c300000)]
  0x000001fca5acff10 JavaThread "pool-1-thread-2" [_thread_blocked, id=1504, stack(0x000000517c300000,0x000000517c400000)]
  0x000001fca5acf570 JavaThread "pool-1-thread-3" [_thread_blocked, id=8604, stack(0x000000517c400000,0x000000517c500000)]
  0x000001fca5acfa40 JavaThread "pool-1-thread-4" [_thread_blocked, id=18408, stack(0x000000517c500000,0x000000517c600000)]
  0x000001fca5ace230 JavaThread "pool-1-thread-5" [_thread_blocked, id=5124, stack(0x000000517c600000,0x000000517c700000)]
  0x000001fca5acc550 JavaThread "pool-1-thread-6" [_thread_blocked, id=10756, stack(0x000000517c700000,0x000000517c800000)]
  0x000001fca5acca20 JavaThread "pool-1-thread-7" [_thread_blocked, id=14484, stack(0x000000517c800000,0x000000517c900000)]
  0x000001fca5acd890 JavaThread "pool-1-thread-8" [_thread_blocked, id=8184, stack(0x000000517c900000,0x000000517ca00000)]
  0x000001fca5acebd0 JavaThread "pool-1-thread-9" [_thread_blocked, id=14148, stack(0x000000517ca00000,0x000000517cb00000)]
  0x000001fca5acdd60 JavaThread "pool-1-thread-10" [_thread_blocked, id=2084, stack(0x000000517cb00000,0x000000517cc00000)]
  0x000001fca6001770 JavaThread "QuantumRenderer-0" daemon [_thread_blocked, id=19332, stack(0x000000517d500000,0x000000517d600000)]
  0x000001fca6002ab0 JavaThread "pool-2-thread-1" [_thread_blocked, id=19204, stack(0x000000517cc00000,0x000000517cd00000)]
  0x000001fca6005130 JavaThread "main" [_thread_blocked, id=17176, stack(0x000000517d700000,0x000000517d800000)]
  0x000001fca6000900 JavaThread "pool-2-thread-2" [_thread_blocked, id=14184, stack(0x0000005179f00000,0x000000517a000000)]
  0x000001fca5ffd8e0 JavaThread "pool-2-thread-3" [_thread_blocked, id=1520, stack(0x000000517d800000,0x000000517d900000)]
  0x000001fca6003df0 JavaThread "pool-2-thread-4" [_thread_blocked, id=15588, stack(0x000000517d900000,0x000000517da00000)]
  0x000001fca5ffddb0 JavaThread "pool-2-thread-5" [_thread_blocked, id=13868, stack(0x000000517da00000,0x000000517db00000)]
  0x000001fca5ffff60 JavaThread "pool-2-thread-6" [_thread_blocked, id=18800, stack(0x000000517db00000,0x000000517dc00000)]
  0x000001fca6000dd0 JavaThread "pool-2-thread-7" [_thread_blocked, id=1004, stack(0x000000517dc00000,0x000000517dd00000)]
  0x000001fca6002110 JavaThread "pool-2-thread-9" [_thread_blocked, id=15644, stack(0x000000517dd00000,0x000000517de00000)]
  0x000001fca6003450 JavaThread "pool-2-thread-8" [_thread_blocked, id=17776, stack(0x000000517de00000,0x000000517df00000)]
  0x000001fca60042c0 JavaThread "pool-2-thread-10" [_thread_blocked, id=16884, stack(0x000000517df00000,0x000000517e000000)]
  0x000001fca6000430 JavaThread "TimerQueue" daemon [_thread_blocked, id=7284, stack(0x000000517e000000,0x000000517e100000)]
  0x000001fca60012a0 JavaThread "ToolkitShutdown" daemon [_thread_in_native, id=3572, stack(0x000000517e300000,0x000000517e400000)]

Other Threads:
  0x000001fc9fa3a300 VMThread "VM Thread" [stack: 0x000000517a700000,0x000000517a800000] [id=5144]
  0x000001fca063d490 WatcherThread [stack: 0x000000517b500000,0x000000517b600000] [id=6068]
  0x000001fcff807110 GCTaskThread "GC Thread#0" [stack: 0x000000517a200000,0x000000517a300000] [id=16300]
  0x000001fca5e60d60 GCTaskThread "GC Thread#1" [stack: 0x000000517cd00000,0x000000517ce00000] [id=14740]
  0x000001fca5b38870 GCTaskThread "GC Thread#2" [stack: 0x000000517ce00000,0x000000517cf00000] [id=9980]
  0x000001fca5eb5130 GCTaskThread "GC Thread#3" [stack: 0x000000517cf00000,0x000000517d000000] [id=7824]
  0x000001fca5e68e50 GCTaskThread "GC Thread#4" [stack: 0x000000517d000000,0x000000517d100000] [id=8332]
  0x000001fca5ae4010 GCTaskThread "GC Thread#5" [stack: 0x000000517d100000,0x000000517d200000] [id=2212]
  0x000001fca5f8bc30 GCTaskThread "GC Thread#6" [stack: 0x000000517d200000,0x000000517d300000] [id=9676]
  0x000001fca5f7c3b0 GCTaskThread "GC Thread#7" [stack: 0x000000517d300000,0x000000517d400000] [id=8132]
  0x000001fcff817b90 ConcurrentGCThread "G1 Main Marker" [stack: 0x000000517a300000,0x000000517a400000] [id=1916]
  0x000001fcff818770 ConcurrentGCThread "G1 Conc#0" [stack: 0x000000517a400000,0x000000517a500000] [id=15912]
  0x000001fcff87d910 ConcurrentGCThread "G1 Refine#0" [stack: 0x000000517a500000,0x000000517a600000] [id=504]
  0x000001fca5ece720 ConcurrentGCThread "G1 Refine#1" [stack: 0x000000517d400000,0x000000517d500000] [id=18392]
  0x000001fcff87e1d0 ConcurrentGCThread "G1 Service" [stack: 0x000000517a600000,0x000000517a700000] [id=9144]

Threads with active compile tasks:

VM state: not at safepoint (normal execution)

VM Mutex/Monitor currently owned by a thread: None

Heap address: 0x0000000082600000, size: 2010 MB, Compressed Oops mode: 32-bit

CDS archive(s) mapped at: [0x0000000800000000-0x0000000800bc0000-0x0000000800bc0000), size 12320768, SharedBaseAddress: 0x0000000800000000, ArchiveRelocationMode: 0.
Compressed class space mapped at: 0x0000000800c00000-0x0000000840c00000, reserved size: 1073741824
Narrow klass base: 0x0000000800000000, Narrow klass shift: 0, Narrow klass range: 0x100000000

GC Precious Log:
 CPUs: 8 total, 8 available
 Memory: 8037M
 Large Page Support: Disabled
 NUMA Support: Disabled
 Compressed Oops: Enabled (32-bit)
 Heap Region Size: 1M
 Heap Min Capacity: 8M
 Heap Initial Capacity: 126M
 Heap Max Capacity: 2010M
 Pre-touch: Disabled
 Parallel Workers: 8
 Concurrent Workers: 2
 Concurrent Refinement Workers: 8
 Periodic GC: Disabled

Heap:
 garbage-first heap   total 129024K, used 63191K [0x0000000082600000, 0x0000000100000000)
  region size 1024K, 14 young (14336K), 1 survivors (1024K)
 Metaspace       used 13135K, committed 13376K, reserved 1064960K
  class space    used 1431K, committed 1536K, reserved 1048576K

Heap Regions: E=young(eden), S=young(survivor), O=old, HS=humongous(starts), HC=humongous(continues), CS=collection set, F=free, OA=open archive, CA=closed archive, TAMS=top-at-mark-start (previous, next)
|   0|0x0000000082600000, 0x0000000082700000, 0x0000000082700000|100%| O|  |TAMS 0x0000000082600000, 0x0000000082700000| Untracked 
|   1|0x0000000082700000, 0x0000000082800000, 0x0000000082800000|100%| O|  |TAMS 0x0000000082700000, 0x0000000082800000| Untracked 
|   2|0x0000000082800000, 0x0000000082900000, 0x0000000082900000|100%| O|  |TAMS 0x0000000082800000, 0x0000000082900000| Untracked 
|   3|0x0000000082900000, 0x0000000082900000, 0x0000000082a00000|  0%| F|  |TAMS 0x0000000082900000, 0x0000000082900000| Untracked 
|   4|0x0000000082a00000, 0x0000000082a00000, 0x0000000082b00000|  0%| F|  |TAMS 0x0000000082a00000, 0x0000000082a00000| Untracked 
|   5|0x0000000082b00000, 0x0000000082b00000, 0x0000000082c00000|  0%| F|  |TAMS 0x0000000082b00000, 0x0000000082b00000| Untracked 
|   6|0x0000000082c00000, 0x0000000082d00000, 0x0000000082d00000|100%|HS|  |TAMS 0x0000000082c00000, 0x0000000082d00000| Complete 
|   7|0x0000000082d00000, 0x0000000082d00000, 0x0000000082e00000|  0%| F|  |TAMS 0x0000000082d00000, 0x0000000082d00000| Untracked 
|   8|0x0000000082e00000, 0x0000000082e00000, 0x0000000082f00000|  0%| F|  |TAMS 0x0000000082e00000, 0x0000000082e00000| Untracked 
|   9|0x0000000082f00000, 0x0000000082f00000, 0x0000000083000000|  0%| F|  |TAMS 0x0000000082f00000, 0x0000000082f00000| Untracked 
|  10|0x0000000083000000, 0x0000000083000000, 0x0000000083100000|  0%| F|  |TAMS 0x0000000083000000, 0x0000000083000000| Untracked 
|  11|0x0000000083100000, 0x0000000083100000, 0x0000000083200000|  0%| F|  |TAMS 0x0000000083100000, 0x0000000083100000| Untracked 
|  12|0x0000000083200000, 0x0000000083200000, 0x0000000083300000|  0%| F|  |TAMS 0x0000000083200000, 0x0000000083200000| Untracked 
|  13|0x0000000083300000, 0x0000000083400000, 0x0000000083400000|100%|HS|  |TAMS 0x0000000083300000, 0x0000000083400000| Complete 
|  14|0x0000000083400000, 0x0000000083500000, 0x0000000083500000|100%|HC|  |TAMS 0x0000000083400000, 0x0000000083500000| Complete 
|  15|0x0000000083500000, 0x0000000083500000, 0x0000000083600000|  0%| F|  |TAMS 0x0000000083500000, 0x0000000083500000| Untracked 
|  16|0x0000000083600000, 0x0000000083600000, 0x0000000083700000|  0%| F|  |TAMS 0x0000000083600000, 0x0000000083600000| Untracked 
|  17|0x0000000083700000, 0x0000000083700000, 0x0000000083800000|  0%| F|  |TAMS 0x0000000083700000, 0x0000000083700000| Untracked 
|  18|0x0000000083800000, 0x0000000083800000, 0x0000000083900000|  0%| F|  |TAMS 0x0000000083800000, 0x0000000083800000| Untracked 
|  19|0x0000000083900000, 0x0000000083a00000, 0x0000000083a00000|100%|HS|  |TAMS 0x0000000083900000, 0x0000000083a00000| Complete 
|  20|0x0000000083a00000, 0x0000000083b00000, 0x0000000083b00000|100%|HC|  |TAMS 0x0000000083a00000, 0x0000000083b00000| Complete 
|  21|0x0000000083b00000, 0x0000000083c00000, 0x0000000083c00000|100%|HS|  |TAMS 0x0000000083b00000, 0x0000000083b00000| Complete 
|  22|0x0000000083c00000, 0x0000000083d00000, 0x0000000083d00000|100%|HC|  |TAMS 0x0000000083c00000, 0x0000000083c00000| Complete 
|  23|0x0000000083d00000, 0x0000000083e00000, 0x0000000083e00000|100%|HC|  |TAMS 0x0000000083d00000, 0x0000000083d00000| Complete 
|  24|0x0000000083e00000, 0x0000000083f00000, 0x0000000083f00000|100%|HC|  |TAMS 0x0000000083e00000, 0x0000000083e00000| Complete 
|  25|0x0000000083f00000, 0x0000000084000000, 0x0000000084000000|100%|HC|  |TAMS 0x0000000083f00000, 0x0000000083f00000| Complete 
|  26|0x0000000084000000, 0x0000000084100000, 0x0000000084100000|100%|HC|  |TAMS 0x0000000084000000, 0x0000000084000000| Complete 
|  27|0x0000000084100000, 0x0000000084200000, 0x0000000084200000|100%|HC|  |TAMS 0x0000000084100000, 0x0000000084100000| Complete 
|  28|0x0000000084200000, 0x0000000084300000, 0x0000000084300000|100%|HC|  |TAMS 0x0000000084200000, 0x0000000084200000| Complete 
|  29|0x0000000084300000, 0x0000000084400000, 0x0000000084400000|100%|HS|  |TAMS 0x0000000084300000, 0x0000000084300000| Complete 
|  30|0x0000000084400000, 0x0000000084500000, 0x0000000084500000|100%|HC|  |TAMS 0x0000000084400000, 0x0000000084400000| Complete 
|  31|0x0000000084500000, 0x0000000084600000, 0x0000000084600000|100%|HC|  |TAMS 0x0000000084500000, 0x0000000084500000| Complete 
|  32|0x0000000084600000, 0x0000000084700000, 0x0000000084700000|100%|HC|  |TAMS 0x0000000084600000, 0x0000000084600000| Complete 
|  33|0x0000000084700000, 0x0000000084800000, 0x0000000084800000|100%|HC|  |TAMS 0x0000000084700000, 0x0000000084700000| Complete 
|  34|0x0000000084800000, 0x0000000084900000, 0x0000000084900000|100%|HC|  |TAMS 0x0000000084800000, 0x0000000084800000| Complete 
|  35|0x0000000084900000, 0x0000000084a00000, 0x0000000084a00000|100%|HC|  |TAMS 0x0000000084900000, 0x0000000084900000| Complete 
|  36|0x0000000084a00000, 0x0000000084b00000, 0x0000000084b00000|100%|HC|  |TAMS 0x0000000084a00000, 0x0000000084a00000| Complete 
|  37|0x0000000084b00000, 0x0000000084c00000, 0x0000000084c00000|100%|HS|  |TAMS 0x0000000084b00000, 0x0000000084c00000| Complete 
|  38|0x0000000084c00000, 0x0000000084d00000, 0x0000000084d00000|100%|HC|  |TAMS 0x0000000084c00000, 0x0000000084d00000| Complete 
|  39|0x0000000084d00000, 0x0000000084e00000, 0x0000000084e00000|100%|HC|  |TAMS 0x0000000084d00000, 0x0000000084e00000| Complete 
|  40|0x0000000084e00000, 0x0000000084f00000, 0x0000000084f00000|100%|HC|  |TAMS 0x0000000084e00000, 0x0000000084f00000| Complete 
|  41|0x0000000084f00000, 0x0000000085000000, 0x0000000085000000|100%|HC|  |TAMS 0x0000000084f00000, 0x0000000085000000| Complete 
|  42|0x0000000085000000, 0x0000000085100000, 0x0000000085100000|100%|HC|  |TAMS 0x0000000085000000, 0x0000000085100000| Complete 
|  43|0x0000000085100000, 0x0000000085200000, 0x0000000085200000|100%|HC|  |TAMS 0x0000000085100000, 0x0000000085200000| Complete 
|  44|0x0000000085200000, 0x0000000085300000, 0x0000000085300000|100%|HC|  |TAMS 0x0000000085200000, 0x0000000085300000| Complete 
|  45|0x0000000085300000, 0x0000000085400000, 0x0000000085400000|100%|HS|  |TAMS 0x0000000085300000, 0x0000000085300000| Complete 
|  46|0x0000000085400000, 0x0000000085500000, 0x0000000085500000|100%|HC|  |TAMS 0x0000000085400000, 0x0000000085400000| Complete 
|  47|0x0000000085500000, 0x0000000085600000, 0x0000000085600000|100%|HC|  |TAMS 0x0000000085500000, 0x0000000085500000| Complete 
|  48|0x0000000085600000, 0x0000000085700000, 0x0000000085700000|100%|HC|  |TAMS 0x0000000085600000, 0x0000000085600000| Complete 
|  49|0x0000000085700000, 0x0000000085800000, 0x0000000085800000|100%|HC|  |TAMS 0x0000000085700000, 0x0000000085700000| Complete 
|  50|0x0000000085800000, 0x0000000085900000, 0x0000000085900000|100%|HC|  |TAMS 0x0000000085800000, 0x0000000085800000| Complete 
|  51|0x0000000085900000, 0x0000000085a00000, 0x0000000085a00000|100%|HC|  |TAMS 0x0000000085900000, 0x0000000085900000| Complete 
|  52|0x0000000085a00000, 0x0000000085b00000, 0x0000000085b00000|100%|HC|  |TAMS 0x0000000085a00000, 0x0000000085a00000| Complete 
|  53|0x0000000085b00000, 0x0000000085c00000, 0x0000000085c00000|100%| O|  |TAMS 0x0000000085b00000, 0x0000000085c00000| Untracked 
|  54|0x0000000085c00000, 0x0000000085cc7e00, 0x0000000085d00000| 78%| O|  |TAMS 0x0000000085c00000, 0x0000000085cc7e00| Untracked 
|  55|0x0000000085d00000, 0x0000000085d00000, 0x0000000085e00000|  0%| F|  |TAMS 0x0000000085d00000, 0x0000000085d00000| Untracked 
|  56|0x0000000085e00000, 0x0000000085e00000, 0x0000000085f00000|  0%| F|  |TAMS 0x0000000085e00000, 0x0000000085e00000| Untracked 
|  57|0x0000000085f00000, 0x0000000085f00000, 0x0000000086000000|  0%| F|  |TAMS 0x0000000085f00000, 0x0000000085f00000| Untracked 
|  58|0x0000000086000000, 0x0000000086000000, 0x0000000086100000|  0%| F|  |TAMS 0x0000000086000000, 0x0000000086000000| Untracked 
|  59|0x0000000086100000, 0x0000000086100000, 0x0000000086200000|  0%| F|  |TAMS 0x0000000086100000, 0x0000000086100000| Untracked 
|  60|0x0000000086200000, 0x0000000086200000, 0x0000000086300000|  0%| F|  |TAMS 0x0000000086200000, 0x0000000086200000| Untracked 
|  61|0x0000000086300000, 0x0000000086300000, 0x0000000086400000|  0%| F|  |TAMS 0x0000000086300000, 0x0000000086300000| Untracked 
|  62|0x0000000086400000, 0x0000000086400000, 0x0000000086500000|  0%| F|  |TAMS 0x0000000086400000, 0x0000000086400000| Untracked 
|  63|0x0000000086500000, 0x0000000086600000, 0x0000000086600000|100%|HS|  |TAMS 0x0000000086500000, 0x0000000086600000| Complete 
|  64|0x0000000086600000, 0x0000000086700000, 0x0000000086700000|100%|HC|  |TAMS 0x0000000086600000, 0x0000000086700000| Complete 
|  65|0x0000000086700000, 0x0000000086800000, 0x0000000086800000|100%|HC|  |TAMS 0x0000000086700000, 0x0000000086800000| Complete 
|  66|0x0000000086800000, 0x0000000086900000, 0x0000000086900000|100%|HC|  |TAMS 0x0000000086800000, 0x0000000086900000| Complete 
|  67|0x0000000086900000, 0x0000000086a00000, 0x0000000086a00000|100%|HC|  |TAMS 0x0000000086900000, 0x0000000086a00000| Complete 
|  68|0x0000000086a00000, 0x0000000086b00000, 0x0000000086b00000|100%|HC|  |TAMS 0x0000000086a00000, 0x0000000086b00000| Complete 
|  69|0x0000000086b00000, 0x0000000086c00000, 0x0000000086c00000|100%|HC|  |TAMS 0x0000000086b00000, 0x0000000086c00000| Complete 
|  70|0x0000000086c00000, 0x0000000086d00000, 0x0000000086d00000|100%|HC|  |TAMS 0x0000000086c00000, 0x0000000086d00000| Complete 
|  71|0x0000000086d00000, 0x0000000086d00000, 0x0000000086e00000|  0%| F|  |TAMS 0x0000000086d00000, 0x0000000086d00000| Untracked 
|  72|0x0000000086e00000, 0x0000000086e00000, 0x0000000086f00000|  0%| F|  |TAMS 0x0000000086e00000, 0x0000000086e00000| Untracked 
|  73|0x0000000086f00000, 0x0000000086f00000, 0x0000000087000000|  0%| F|  |TAMS 0x0000000086f00000, 0x0000000086f00000| Untracked 
|  74|0x0000000087000000, 0x0000000087000000, 0x0000000087100000|  0%| F|  |TAMS 0x0000000087000000, 0x0000000087000000| Untracked 
|  75|0x0000000087100000, 0x0000000087100000, 0x0000000087200000|  0%| F|  |TAMS 0x0000000087100000, 0x0000000087100000| Untracked 
|  76|0x0000000087200000, 0x0000000087200000, 0x0000000087300000|  0%| F|  |TAMS 0x0000000087200000, 0x0000000087200000| Untracked 
|  77|0x0000000087300000, 0x0000000087300000, 0x0000000087400000|  0%| F|  |TAMS 0x0000000087300000, 0x0000000087300000| Untracked 
|  78|0x0000000087400000, 0x0000000087400000, 0x0000000087500000|  0%| F|  |TAMS 0x0000000087400000, 0x0000000087400000| Untracked 
|  79|0x0000000087500000, 0x0000000087500000, 0x0000000087600000|  0%| F|  |TAMS 0x0000000087500000, 0x0000000087500000| Untracked 
|  80|0x0000000087600000, 0x0000000087600000, 0x0000000087700000|  0%| F|  |TAMS 0x0000000087600000, 0x0000000087600000| Untracked 
|  81|0x0000000087700000, 0x0000000087700000, 0x0000000087800000|  0%| F|  |TAMS 0x0000000087700000, 0x0000000087700000| Untracked 
|  82|0x0000000087800000, 0x0000000087800000, 0x0000000087900000|  0%| F|  |TAMS 0x0000000087800000, 0x0000000087800000| Untracked 
|  83|0x0000000087900000, 0x0000000087900000, 0x0000000087a00000|  0%| F|  |TAMS 0x0000000087900000, 0x0000000087900000| Untracked 
|  84|0x0000000087a00000, 0x0000000087a00000, 0x0000000087b00000|  0%| F|  |TAMS 0x0000000087a00000, 0x0000000087a00000| Untracked 
|  85|0x0000000087b00000, 0x0000000087b00000, 0x0000000087c00000|  0%| F|  |TAMS 0x0000000087b00000, 0x0000000087b00000| Untracked 
|  86|0x0000000087c00000, 0x0000000087c00000, 0x0000000087d00000|  0%| F|  |TAMS 0x0000000087c00000, 0x0000000087c00000| Untracked 
|  87|0x0000000087d00000, 0x0000000087d00000, 0x0000000087e00000|  0%| F|  |TAMS 0x0000000087d00000, 0x0000000087d00000| Untracked 
|  88|0x0000000087e00000, 0x0000000087e00000, 0x0000000087f00000|  0%| F|  |TAMS 0x0000000087e00000, 0x0000000087e00000| Untracked 
|  89|0x0000000087f00000, 0x0000000087f00000, 0x0000000088000000|  0%| F|  |TAMS 0x0000000087f00000, 0x0000000087f00000| Untracked 
|  90|0x0000000088000000, 0x0000000088000000, 0x0000000088100000|  0%| F|  |TAMS 0x0000000088000000, 0x0000000088000000| Untracked 
|  91|0x0000000088100000, 0x0000000088100000, 0x0000000088200000|  0%| F|  |TAMS 0x0000000088100000, 0x0000000088100000| Untracked 
|  92|0x0000000088200000, 0x0000000088200000, 0x0000000088300000|  0%| F|  |TAMS 0x0000000088200000, 0x0000000088200000| Untracked 
|  93|0x0000000088300000, 0x0000000088300000, 0x0000000088400000|  0%| F|  |TAMS 0x0000000088300000, 0x0000000088300000| Untracked 
|  94|0x0000000088400000, 0x0000000088400000, 0x0000000088500000|  0%| F|  |TAMS 0x0000000088400000, 0x0000000088400000| Untracked 
|  95|0x0000000088500000, 0x0000000088500000, 0x0000000088600000|  0%| F|  |TAMS 0x0000000088500000, 0x0000000088500000| Untracked 
|  96|0x0000000088600000, 0x0000000088600000, 0x0000000088700000|  0%| F|  |TAMS 0x0000000088600000, 0x0000000088600000| Untracked 
|  97|0x0000000088700000, 0x0000000088700000, 0x0000000088800000|  0%| F|  |TAMS 0x0000000088700000, 0x0000000088700000| Untracked 
|  98|0x0000000088800000, 0x0000000088800000, 0x0000000088900000|  0%| F|  |TAMS 0x0000000088800000, 0x0000000088800000| Untracked 
|  99|0x0000000088900000, 0x0000000088900000, 0x0000000088a00000|  0%| F|  |TAMS 0x0000000088900000, 0x0000000088900000| Untracked 
| 100|0x0000000088a00000, 0x0000000088a00000, 0x0000000088b00000|  0%| F|  |TAMS 0x0000000088a00000, 0x0000000088a00000| Untracked 
| 101|0x0000000088b00000, 0x0000000088b00000, 0x0000000088c00000|  0%| F|  |TAMS 0x0000000088b00000, 0x0000000088b00000| Untracked 
| 102|0x0000000088c00000, 0x0000000088c00000, 0x0000000088d00000|  0%| F|  |TAMS 0x0000000088c00000, 0x0000000088c00000| Untracked 
| 103|0x0000000088d00000, 0x0000000088d00000, 0x0000000088e00000|  0%| F|  |TAMS 0x0000000088d00000, 0x0000000088d00000| Untracked 
| 104|0x0000000088e00000, 0x0000000088e00000, 0x0000000088f00000|  0%| F|  |TAMS 0x0000000088e00000, 0x0000000088e00000| Untracked 
| 105|0x0000000088f00000, 0x0000000088f00000, 0x0000000089000000|  0%| F|  |TAMS 0x0000000088f00000, 0x0000000088f00000| Untracked 
| 106|0x0000000089000000, 0x0000000089000000, 0x0000000089100000|  0%| F|  |TAMS 0x0000000089000000, 0x0000000089000000| Untracked 
| 107|0x0000000089100000, 0x0000000089100000, 0x0000000089200000|  0%| F|  |TAMS 0x0000000089100000, 0x0000000089100000| Untracked 
| 108|0x0000000089200000, 0x0000000089200000, 0x0000000089300000|  0%| F|  |TAMS 0x0000000089200000, 0x0000000089200000| Untracked 
| 109|0x0000000089300000, 0x0000000089300000, 0x0000000089400000|  0%| F|  |TAMS 0x0000000089300000, 0x0000000089300000| Untracked 
| 110|0x0000000089400000, 0x0000000089400000, 0x0000000089500000|  0%| F|  |TAMS 0x0000000089400000, 0x0000000089400000| Untracked 
| 111|0x0000000089500000, 0x0000000089500000, 0x0000000089600000|  0%| F|  |TAMS 0x0000000089500000, 0x0000000089500000| Untracked 
| 112|0x0000000089600000, 0x00000000896edf98, 0x0000000089700000| 92%| S|CS|TAMS 0x0000000089600000, 0x0000000089600000| Complete 
| 113|0x0000000089700000, 0x0000000089784830, 0x0000000089800000| 51%| E|  |TAMS 0x0000000089700000, 0x0000000089700000| Complete 
| 114|0x0000000089800000, 0x0000000089900000, 0x0000000089900000|100%| E|CS|TAMS 0x0000000089800000, 0x0000000089800000| Complete 
| 115|0x0000000089900000, 0x0000000089a00000, 0x0000000089a00000|100%| E|CS|TAMS 0x0000000089900000, 0x0000000089900000| Complete 
| 116|0x0000000089a00000, 0x0000000089b00000, 0x0000000089b00000|100%| E|CS|TAMS 0x0000000089a00000, 0x0000000089a00000| Complete 
| 117|0x0000000089b00000, 0x0000000089c00000, 0x0000000089c00000|100%| E|CS|TAMS 0x0000000089b00000, 0x0000000089b00000| Complete 
| 118|0x0000000089c00000, 0x0000000089d00000, 0x0000000089d00000|100%| E|CS|TAMS 0x0000000089c00000, 0x0000000089c00000| Complete 
| 119|0x0000000089d00000, 0x0000000089e00000, 0x0000000089e00000|100%| E|CS|TAMS 0x0000000089d00000, 0x0000000089d00000| Complete 
| 120|0x0000000089e00000, 0x0000000089f00000, 0x0000000089f00000|100%| E|CS|TAMS 0x0000000089e00000, 0x0000000089e00000| Complete 
| 121|0x0000000089f00000, 0x000000008a000000, 0x000000008a000000|100%| E|CS|TAMS 0x0000000089f00000, 0x0000000089f00000| Complete 
| 122|0x000000008a000000, 0x000000008a100000, 0x000000008a100000|100%| E|  |TAMS 0x000000008a000000, 0x000000008a000000| Complete 
| 123|0x000000008a100000, 0x000000008a200000, 0x000000008a200000|100%| E|CS|TAMS 0x000000008a100000, 0x000000008a100000| Complete 
| 124|0x000000008a200000, 0x000000008a300000, 0x000000008a300000|100%| E|CS|TAMS 0x000000008a200000, 0x000000008a200000| Complete 
| 125|0x000000008a300000, 0x000000008a400000, 0x000000008a400000|100%| E|CS|TAMS 0x000000008a300000, 0x000000008a300000| Complete 

Card table byte_map: [0x000001fc98980000,0x000001fc98d70000] _byte_map_base: 0x000001fc9856d000

Marking Bits (Prev, Next): (CMBitMap*) 0x000001fcff807720, (CMBitMap*) 0x000001fcff807760
 Prev Bits: [0x000001fc99160000, 0x000001fc9b0c8000)
 Next Bits: [0x000001fc9b0d0000, 0x000001fc9d038000)

Polling page: 0x000001fcff880000

Metaspace:

Usage:
  Non-class:     11.43 MB used.
      Class:      1.40 MB used.
       Both:     12.83 MB used.

Virtual space:
  Non-class space:       16.00 MB reserved,      11.56 MB ( 72%) committed,  2 nodes.
      Class space:        1.00 GB reserved,       1.50 MB ( <1%) committed,  1 nodes.
             Both:        1.02 GB reserved,      13.06 MB (  1%) committed. 

Chunk freelists:
   Non-Class:  464.00 KB
       Class:  2.51 MB
        Both:  2.97 MB

MaxMetaspaceSize: unlimited
CompressedClassSpaceSize: 1.00 GB
Initial GC threshold: 21.00 MB
Current GC threshold: 21.00 MB
CDS: on
MetaspaceReclaimPolicy: balanced
 - commit_granule_bytes: 65536.
 - commit_granule_words: 8192.
 - virtual_space_node_default_size: 1048576.
 - enlarge_chunks_in_place: 1.
 - new_chunks_are_fully_committed: 0.
 - uncommit_free_chunks: 1.
 - use_allocation_guard: 0.
 - handle_deallocations: 1.


Internal statistics:

num_allocs_failed_limit: 0.
num_arena_births: 168.
num_arena_deaths: 0.
num_vsnodes_births: 3.
num_vsnodes_deaths: 0.
num_space_committed: 209.
num_space_uncommitted: 0.
num_chunks_returned_to_freelist: 0.
num_chunks_taken_from_freelist: 329.
num_chunk_merges: 0.
num_chunk_splits: 187.
num_chunks_enlarged: 100.
num_purges: 0.
num_inconsistent_stats: 0.

CodeHeap 'non-profiled nmethods': size=120000Kb used=775Kb max_used=775Kb free=119225Kb
 bounds [0x000001fc908f0000, 0x000001fc90b60000, 0x000001fc97e20000]
CodeHeap 'profiled nmethods': size=120000Kb used=4075Kb max_used=4075Kb free=115924Kb
 bounds [0x000001fc893c0000, 0x000001fc897c0000, 0x000001fc908f0000]
CodeHeap 'non-nmethods': size=5760Kb used=1388Kb max_used=1413Kb free=4371Kb
 bounds [0x000001fc88e20000, 0x000001fc89090000, 0x000001fc893c0000]
 total_blobs=2776 nmethods=2117 adapters=572
 compilation: enabled
              stopped_count=0, restarted_count=0
 full_count=0

Compilation events (20 events):
Event: 310.373 Thread 0x000001fc9fa59290 2112       4       java.awt.image.BufferedImage::getHeight (8 bytes)
Event: 310.375 Thread 0x000001fc9fa59290 nmethod 2112 0x000001fc909b0b90 code [0x000001fc909b0d00, 0x000001fc909b0d98]
Event: 310.558 Thread 0x000001fc9fa59290 2113       4       sun.java2d.StateTrackableDelegate$1::isCurrent (17 bytes)
Event: 310.560 Thread 0x000001fc9fa59290 nmethod 2113 0x000001fc909b0e90 code [0x000001fc909b1000, 0x000001fc909b10b8]
Event: 311.963 Thread 0x000001fc9fa59290 2114       4       java.awt.geom.AffineTransform::<init> (69 bytes)
Event: 311.965 Thread 0x000001fc9fa59290 nmethod 2114 0x000001fc909b1190 code [0x000001fc909b1300, 0x000001fc909b13d8]
Event: 312.366 Thread 0x000001fc9fa65260 2115   !   3       java.util.concurrent.DelayQueue::offer (60 bytes)
Event: 312.371 Thread 0x000001fc9fa65260 nmethod 2115 0x000001fc897b7810 code [0x000001fc897b7ac0, 0x000001fc897b8858]
Event: 312.371 Thread 0x000001fc9fa65260 2116       3       java.util.PriorityQueue::offer (58 bytes)
Event: 312.373 Thread 0x000001fc9fa65260 nmethod 2116 0x000001fc897b8f10 code [0x000001fc897b9100, 0x000001fc897b94f8]
Event: 312.373 Thread 0x000001fc9fa65260 2117       3       java.util.PriorityQueue::siftUp (33 bytes)
Event: 312.374 Thread 0x000001fc9fa65260 nmethod 2117 0x000001fc897b9690 code [0x000001fc897b9840, 0x000001fc897b9a38]
Event: 312.374 Thread 0x000001fc9fa65260 2118       3       java.util.PriorityQueue::siftUpComparable (52 bytes)
Event: 312.376 Thread 0x000001fc9fa65260 nmethod 2118 0x000001fc897b9b10 code [0x000001fc897b9d00, 0x000001fc897ba488]
Event: 312.459 Thread 0x000001fc9fa65260 2119       3       java.util.PriorityQueue::poll (81 bytes)
Event: 312.461 Thread 0x000001fc9fa65260 nmethod 2119 0x000001fc897ba710 code [0x000001fc897ba8e0, 0x000001fc897bad58]
Event: 314.540 Thread 0x000001fc9fa59290 2120       4       ea.Raum::zeichnenBasic (41 bytes)
Event: 314.543 Thread 0x000001fc9fa59290 nmethod 2120 0x000001fc909b1490 code [0x000001fc909b1640, 0x000001fc909b17d8]
Event: 316.220 Thread 0x000001fc9fa59290 2121       4       java.util.concurrent.locks.LockSupport::setBlocker (12 bytes)
Event: 316.223 Thread 0x000001fc9fa59290 nmethod 2121 0x000001fc909b1910 code [0x000001fc909b1a80, 0x000001fc909b1bb8]

GC Heap History (10 events):
Event: 285.947 GC heap before
{Heap before GC invocations=0 (full 0):
 garbage-first heap   total 129024K, used 23552K [0x0000000082600000, 0x0000000100000000)
  region size 1024K, 23 young (23552K), 0 survivors (0K)
 Metaspace       used 9320K, committed 9536K, reserved 1064960K
  class space    used 980K, committed 1088K, reserved 1048576K
}
Event: 285.960 GC heap after
{Heap after GC invocations=1 (full 0):
 garbage-first heap   total 129024K, used 5405K [0x0000000082600000, 0x0000000100000000)
  region size 1024K, 3 young (3072K), 3 survivors (3072K)
 Metaspace       used 9320K, committed 9536K, reserved 1064960K
  class space    used 980K, committed 1088K, reserved 1048576K
}
Event: 291.475 GC heap before
{Heap before GC invocations=1 (full 0):
 garbage-first heap   total 129024K, used 76061K [0x0000000082600000, 0x0000000100000000)
  region size 1024K, 24 young (24576K), 3 survivors (3072K)
 Metaspace       used 10391K, committed 10560K, reserved 1064960K
  class space    used 1062K, committed 1152K, reserved 1048576K
}
Event: 291.478 GC heap after
{Heap after GC invocations=2 (full 0):
 garbage-first heap   total 129024K, used 57486K [0x0000000082600000, 0x0000000100000000)
  region size 1024K, 2 young (2048K), 2 survivors (2048K)
 Metaspace       used 10391K, committed 10560K, reserved 1064960K
  class space    used 1062K, committed 1152K, reserved 1048576K
}
Event: 291.591 GC heap before
{Heap before GC invocations=2 (full 0):
 garbage-first heap   total 129024K, used 75918K [0x0000000082600000, 0x0000000100000000)
  region size 1024K, 13 young (13312K), 2 survivors (2048K)
 Metaspace       used 10392K, committed 10560K, reserved 1064960K
  class space    used 1062K, committed 1152K, reserved 1048576K
}
Event: 291.594 GC heap after
{Heap after GC invocations=3 (full 0):
 garbage-first heap   total 129024K, used 27929K [0x0000000082600000, 0x0000000100000000)
  region size 1024K, 2 young (2048K), 2 survivors (2048K)
 Metaspace       used 10392K, committed 10560K, reserved 1064960K
  class space    used 1062K, committed 1152K, reserved 1048576K
}
Event: 292.572 GC heap before
{Heap before GC invocations=3 (full 0):
 garbage-first heap   total 129024K, used 56601K [0x0000000082600000, 0x0000000100000000)
  region size 1024K, 7 young (7168K), 2 survivors (2048K)
 Metaspace       used 10443K, committed 10624K, reserved 1064960K
  class space    used 1063K, committed 1152K, reserved 1048576K
}
Event: 292.576 GC heap after
{Heap after GC invocations=4 (full 0):
 garbage-first heap   total 129024K, used 51961K [0x0000000082600000, 0x0000000100000000)
  region size 1024K, 1 young (1024K), 1 survivors (1024K)
 Metaspace       used 10443K, committed 10624K, reserved 1064960K
  class space    used 1063K, committed 1152K, reserved 1048576K
}
Event: 292.738 GC heap before
{Heap before GC invocations=4 (full 0):
 garbage-first heap   total 129024K, used 71417K [0x0000000082600000, 0x0000000100000000)
  region size 1024K, 13 young (13312K), 1 survivors (1024K)
 Metaspace       used 10443K, committed 10624K, reserved 1064960K
  class space    used 1063K, committed 1152K, reserved 1048576K
}
Event: 292.741 GC heap after
{Heap after GC invocations=5 (full 0):
 garbage-first heap   total 129024K, used 27351K [0x0000000082600000, 0x0000000100000000)
  region size 1024K, 1 young (1024K), 1 survivors (1024K)
 Metaspace       used 10443K, committed 10624K, reserved 1064960K
  class space    used 1063K, committed 1152K, reserved 1048576K
}

Deoptimization events (20 events):
Event: 293.136 Thread 0x000001fca5bf6470 DEOPT PACKING pc=0x000001fc90975e5c sp=0x000000517c0fdca0
Event: 293.136 Thread 0x000001fca5bf6470 DEOPT UNPACKING pc=0x000001fc88e723a3 sp=0x000000517c0fdc68 mode 2
Event: 293.240 Thread 0x000001fca5acd3c0 Uncommon trap: trap_request=0xffffff45 fr.pc=0x000001fc909854d4 relative=0x0000000000000f94
Event: 293.240 Thread 0x000001fca5acd3c0 Uncommon trap: reason=unstable_if action=reinterpret pc=0x000001fc909854d4 method=java.util.concurrent.locks.AbstractQueuedSynchronizer.acquire(Ljava/util/concurrent/locks/AbstractQueuedSynchronizer$Node;IZZZJ)I @ 254 c2
Event: 293.240 Thread 0x000001fca5acd3c0 DEOPT PACKING pc=0x000001fc909854d4 sp=0x000000517c2fea10
Event: 293.240 Thread 0x000001fca5acd3c0 DEOPT UNPACKING pc=0x000001fc88e723a3 sp=0x000000517c2fe9e0 mode 2
Event: 293.639 Thread 0x000001fca5bf6470 Uncommon trap: trap_request=0xffffff45 fr.pc=0x000001fc90996440 relative=0x00000000000002a0
Event: 293.639 Thread 0x000001fca5bf6470 Uncommon trap: reason=unstable_if action=reinterpret pc=0x000001fc90996440 method=java.util.concurrent.locks.ReentrantLock$NonfairSync.initialTryLock()Z @ 25 c2
Event: 293.639 Thread 0x000001fca5bf6470 DEOPT PACKING pc=0x000001fc90996440 sp=0x000000517c0fcaf0
Event: 293.639 Thread 0x000001fca5bf6470 DEOPT UNPACKING pc=0x000001fc88e723a3 sp=0x000000517c0fc9e8 mode 2
Event: 293.639 Thread 0x000001fca5bf6470 Uncommon trap: trap_request=0xffffff45 fr.pc=0x000001fc9096bad0 relative=0x00000000000000d0
Event: 293.639 Thread 0x000001fca5bf6470 Uncommon trap: reason=unstable_if action=reinterpret pc=0x000001fc9096bad0 method=java.util.concurrent.locks.ReentrantLock$Sync.tryRelease(I)Z @ 26 c2
Event: 293.639 Thread 0x000001fca5bf6470 DEOPT PACKING pc=0x000001fc9096bad0 sp=0x000000517c0fca90
Event: 293.639 Thread 0x000001fca5bf6470 DEOPT UNPACKING pc=0x000001fc88e723a3 sp=0x000000517c0fca40 mode 2
Event: 293.641 Thread 0x000001fca5bf6470 Uncommon trap: trap_request=0xffffff45 fr.pc=0x000001fc9096eff0 relative=0x0000000000000170
Event: 293.641 Thread 0x000001fca5bf6470 Uncommon trap: reason=unstable_if action=reinterpret pc=0x000001fc9096eff0 method=java.util.concurrent.locks.ReentrantLock$NonfairSync.initialTryLock()Z @ 25 c2
Event: 293.641 Thread 0x000001fca5bf6470 DEOPT PACKING pc=0x000001fc9096eff0 sp=0x000000517c0fca30
Event: 293.641 Thread 0x000001fca5bf6470 DEOPT UNPACKING pc=0x000001fc88e723a3 sp=0x000000517c0fc9e8 mode 2
Event: 296.256 Thread 0x000001fca5bf6470 DEOPT PACKING pc=0x000001fc895834ec sp=0x000000517c0fdb30
Event: 296.256 Thread 0x000001fca5bf6470 DEOPT UNPACKING pc=0x000001fc88e72b43 sp=0x000000517c0fcfe0 mode 1

Classes unloaded (0 events):
No events

Classes redefined (0 events):
No events

Internal exceptions (20 events):
Event: 285.372 Thread 0x000001fca5bf6470 Exception <a 'java/lang/NoSuchMethodError'{0x0000000089486898}: 'int java.lang.invoke.DirectMethodHandle$Holder.invokeSpecial(java.lang.Object, java.lang.Object, java.lang.Object)'> (0x0000000089486898) 
thrown [s\src\hotspot\share\interpreter\linkResolver.cpp, line 759]
Event: 285.520 Thread 0x000001fca5bf6470 Exception <a 'java/lang/NoSuchMethodError'{0x00000000894cc038}: 'void java.lang.invoke.DirectMethodHandle$Holder.invokeStatic(java.lang.Object, long)'> (0x00000000894cc038) 
thrown [s\src\hotspot\share\interpreter\linkResolver.cpp, line 759]
Event: 285.527 Thread 0x000001fca5bf6470 Exception <a 'java/lang/NoSuchMethodError'{0x00000000894d1618}: 'java.lang.Object java.lang.invoke.DirectMethodHandle$Holder.newInvokeSpecial(java.lang.Object, long)'> (0x00000000894d1618) 
thrown [s\src\hotspot\share\interpreter\linkResolver.cpp, line 759]
Event: 285.535 Thread 0x000001fca5bf6470 Exception <a 'java/lang/NoSuchMethodError'{0x00000000894d81f0}: 'java.lang.Object java.lang.invoke.DirectMethodHandle$Holder.invokeStatic(java.lang.Object, java.lang.Object, long, java.lang.Object)'> (0x00000000894d81f0) 
thrown [s\src\hotspot\share\interpreter\linkResolver.cpp, line 759]
Event: 285.536 Thread 0x000001fca5bf6470 Exception <a 'java/lang/NoSuchMethodError'{0x00000000894dbc88}: 'java.lang.Object java.lang.invoke.DirectMethodHandle$Holder.invokeStaticInit(java.lang.Object, java.lang.Object, long, java.lang.Object)'> (0x00000000894dbc88) 
thrown [s\src\hotspot\share\interpreter\linkResolver.cpp, line 759]
Event: 285.539 Thread 0x000001fca5bf6470 Exception <a 'java/lang/NoSuchMethodError'{0x00000000894e2248}: 'java.lang.Object java.lang.invoke.DirectMethodHandle$Holder.newInvokeSpecial(java.lang.Object, java.lang.Object, long)'> (0x00000000894e2248) 
thrown [s\src\hotspot\share\interpreter\linkResolver.cpp, line 759]
Event: 285.542 Thread 0x000001fca5bf6470 Exception <a 'java/lang/NoSuchMethodError'{0x00000000894e5db8}: 'java.lang.Object java.lang.invoke.Invokers$Holder.linkToTargetMethod(java.lang.Object, long, java.lang.Object)'> (0x00000000894e5db8) 
thrown [s\src\hotspot\share\interpreter\linkResolver.cpp, line 759]
Event: 285.557 Thread 0x000001fca083a030 Exception <a 'java/lang/NoSuchMethodError'{0x000000008926ba68}: 'java.lang.Object java.lang.invoke.DirectMethodHandle$Holder.invokeStaticInit(java.lang.Object, int, int, int, int)'> (0x000000008926ba68) 
thrown [s\src\hotspot\share\interpreter\linkResolver.cpp, line 759]
Event: 285.823 Thread 0x000001fca083a030 Exception <a 'java/lang/NoSuchMethodError'{0x0000000088e0a830}: 'java.lang.Object java.lang.invoke.DirectMethodHandle$Holder.invokeStaticInit(java.lang.Object, java.lang.Object, int, int, int, int)'> (0x0000000088e0a830) 
thrown [s\src\hotspot\share\interpreter\linkResolver.cpp, line 759]
Event: 285.980 Thread 0x000001fca5bf6470 Exception <a 'java/lang/NoSuchMethodError'{0x000000008a3d6c20}: 'void java.lang.invoke.DirectMethodHandle$Holder.invokeSpecial(java.lang.Object, java.lang.Object, java.lang.Object)'> (0x000000008a3d6c20) 
thrown [s\src\hotspot\share\interpreter\linkResolver.cpp, line 759]
Event: 285.999 Thread 0x000001fca5bf6470 Exception <a 'java/lang/NoSuchMethodError'{0x000000008a3f2d20}: 'void java.lang.invoke.DirectMethodHandle$Holder.invokeStatic(java.lang.Object, java.lang.Object, java.lang.Object)'> (0x000000008a3f2d20) 
thrown [s\src\hotspot\share\interpreter\linkResolver.cpp, line 759]
Event: 286.078 Thread 0x000001fca5bf6470 Exception <a 'java/lang/NoSuchMethodError'{0x0000000089c744b8}: 'int java.lang.invoke.DirectMethodHandle$Holder.invokeStaticInit(java.lang.Object, java.lang.Object, java.lang.Object)'> (0x0000000089c744b8) 
thrown [s\src\hotspot\share\interpreter\linkResolver.cpp, line 759]
Event: 292.913 Thread 0x000001fca5bf6470 Exception <a 'java/lang/NoSuchMethodError'{0x0000000089e2ba38}: 'java.lang.Object java.lang.invoke.DirectMethodHandle$Holder.newInvokeSpecial(java.lang.Object, java.lang.Object, java.lang.Object, java.lang.Object, java.lang.Object)'> (0x0000000089e2ba38) 
thrown [s\src\hotspot\share\interpreter\linkResolver.cpp, line 759]
Event: 292.921 Thread 0x000001fca5bf6470 Exception <a 'java/lang/NoSuchMethodError'{0x0000000089e376c0}: 'java.lang.Object java.lang.invoke.DirectMethodHandle$Holder.invokeStatic(java.lang.Object, int, java.lang.Object, java.lang.Object, java.lang.Object, java.lang.Object)'> (0x0000000089e376c0) 
thrown [s\src\hotspot\share\interpreter\linkResolver.cpp, line 759]
Event: 293.058 Thread 0x000001fca5bf6470 Exception <a 'java/lang/ClassNotFoundException'{0x0000000089d1e6e0}: com/sun/swing/internal/plaf/metal/resources/spi/metalProvider> (0x0000000089d1e6e0) 
thrown [s\src\hotspot\share\classfile\systemDictionary.cpp, line 256]
Event: 293.063 Thread 0x000001fca5bf6470 Exception <a 'java/lang/ClassNotFoundException'{0x0000000089d23100}: com/sun/swing/internal/plaf/basic/resources/spi/basicProvider> (0x0000000089d23100) 
thrown [s\src\hotspot\share\classfile\systemDictionary.cpp, line 256]
Event: 293.129 Thread 0x000001fca5bf6470 Exception <a 'java/lang/ClassNotFoundException'{0x0000000089da12e0}: com/sun/java/swing/plaf/windows/resources/spi/windowsProvider> (0x0000000089da12e0) 
thrown [s\src\hotspot\share\classfile\systemDictionary.cpp, line 256]
Event: 293.211 Thread 0x000001fca5bf6470 Exception <a 'java/lang/NoSuchMethodError'{0x0000000089dc1a60}: 'int java.lang.invoke.DirectMethodHandle$Holder.invokeStatic(java.lang.Object)'> (0x0000000089dc1a60) 
thrown [s\src\hotspot\share\interpreter\linkResolver.cpp, line 759]
Event: 298.307 Thread 0x000001fca6002f80 Exception <a 'java/net/ConnectException'{0x0000000089a01ac0}: Connection refused: connect> (0x0000000089a01ac0) 
thrown [s\src\hotspot\share\prims\jni.cpp, line 535]
Event: 298.308 Thread 0x000001fca6002f80 Exception <a 'java/net/SocketException'{0x0000000089a01df8}: Socket is not connected: shutdown> (0x0000000089a01df8) 
thrown [s\src\hotspot\share\prims\jni.cpp, line 535]

VM Operations (20 events):
Event: 298.686 Executing VM operation: Cleanup
Event: 298.686 Executing VM operation: Cleanup done
Event: 299.687 Executing VM operation: Cleanup
Event: 299.687 Executing VM operation: Cleanup done
Event: 301.715 Executing VM operation: Cleanup
Event: 301.715 Executing VM operation: Cleanup done
Event: 308.780 Executing VM operation: Cleanup
Event: 308.780 Executing VM operation: Cleanup done
Event: 310.792 Executing VM operation: Cleanup
Event: 310.792 Executing VM operation: Cleanup done
Event: 314.821 Executing VM operation: Cleanup
Event: 314.821 Executing VM operation: Cleanup done
Event: 315.878 Executing VM operation: ChangeBreakpoints
Event: 315.879 Executing VM operation: ChangeBreakpoints done
Event: 315.879 Executing VM operation: ChangeBreakpoints
Event: 315.879 Executing VM operation: ChangeBreakpoints done
Event: 315.879 Executing VM operation: ChangeBreakpoints
Event: 315.880 Executing VM operation: ChangeBreakpoints done
Event: 315.880 Executing VM operation: ChangeBreakpoints
Event: 315.880 Executing VM operation: ChangeBreakpoints done

Events (20 events):
Event: 298.345 loading class sun/util/resources/TimeZoneNames
Event: 298.347 loading class sun/util/resources/TimeZoneNames done
Event: 298.348 loading class sun/util/resources/TimeZoneNames_en
Event: 298.348 loading class sun/util/resources/TimeZoneNames_en done
Event: 298.355 loading class java/util/Formatter$FixedString
Event: 298.355 loading class java/util/Formatter$FixedString done
Event: 298.357 Thread 0x000001fca6002f80 Thread exited: 0x000001fca6002f80
Event: 315.879 Thread 0x000001fca06376b0 Thread exited: 0x000001fca06376b0
Event: 315.881 Thread 0x000001fca5fff0f0 Thread added: 0x000001fca5fff0f0
Event: 315.881 Thread 0x000001fca6002f80 Thread added: 0x000001fca6002f80
Event: 315.882 Thread 0x000001fca60012a0 Thread added: 0x000001fca60012a0
Event: 315.882 Thread 0x000001fca6003920 Thread added: 0x000001fca6003920
Event: 315.882 Thread 0x000001fca6001c40 Thread added: 0x000001fca6001c40
Event: 315.885 Thread 0x000001fca5fff0f0 Thread exited: 0x000001fca5fff0f0
Event: 315.885 Thread 0x000001fca6003920 Thread exited: 0x000001fca6003920
Event: 315.887 Thread 0x000001fca6002f80 Thread exited: 0x000001fca6002f80
Event: 315.888 Thread 0x000001fca062d7c0 Thread exited: 0x000001fca062d7c0
Event: 315.888 loading class java/io/FileOutputStream$1
Event: 315.889 loading class java/io/FileOutputStream$1 done
Event: 315.890 Thread 0x000001fca6001c40 Thread exited: 0x000001fca6001c40


Dynamic libraries:
0x00007ff748d50000 - 0x00007ff748d5e000 	D:\BlueJ\jdk\bin\java.exe
0x00007ffaa0230000 - 0x00007ffaa0444000 	C:\WINDOWS\SYSTEM32\ntdll.dll
0x00007ffa9fba0000 - 0x00007ffa9fc62000 	C:\WINDOWS\System32\KERNEL32.DLL
0x00007ffa9d630000 - 0x00007ffa9d9d3000 	C:\WINDOWS\System32\KERNELBASE.dll
0x00007ffa9da50000 - 0x00007ffa9db61000 	C:\WINDOWS\System32\ucrtbase.dll
0x00007ffa8f920000 - 0x00007ffa8f939000 	D:\BlueJ\jdk\bin\VCRUNTIME140.dll
0x00007ffa910a0000 - 0x00007ffa910b8000 	D:\BlueJ\jdk\bin\jli.dll
0x00007ffa9f7a0000 - 0x00007ffa9f94b000 	C:\WINDOWS\System32\USER32.dll
0x00007ffa7a910000 - 0x00007ffa7ab9e000 	C:\WINDOWS\WinSxS\amd64_microsoft.windows.common-controls_6595b64144ccf1df_6.0.22621.1635_none_270f70857386168e\COMCTL32.dll
0x00007ffa9dcb0000 - 0x00007ffa9dcd6000 	C:\WINDOWS\System32\win32u.dll
0x00007ffa9faf0000 - 0x00007ffa9fb97000 	C:\WINDOWS\System32\msvcrt.dll
0x00007ffa9fdf0000 - 0x00007ffa9fe19000 	C:\WINDOWS\System32\GDI32.dll
0x00007ffa9de50000 - 0x00007ffa9df69000 	C:\WINDOWS\System32\gdi32full.dll
0x00007ffa9df70000 - 0x00007ffa9e00a000 	C:\WINDOWS\System32\msvcp_win.dll
0x00007ffa9ef20000 - 0x00007ffa9ef51000 	C:\WINDOWS\System32\IMM32.DLL
0x00007ffa8ff50000 - 0x00007ffa8ff5c000 	D:\BlueJ\jdk\bin\vcruntime140_1.dll
0x00007ffa6d940000 - 0x00007ffa6d9d1000 	D:\BlueJ\jdk\bin\msvcp140.dll
0x00007ffa37b50000 - 0x00007ffa38796000 	D:\BlueJ\jdk\bin\server\jvm.dll
0x00007ffa9f6f0000 - 0x00007ffa9f79e000 	C:\WINDOWS\System32\ADVAPI32.dll
0x00007ffa9ff20000 - 0x00007ffa9ffc4000 	C:\WINDOWS\System32\sechost.dll
0x00007ffa9ede0000 - 0x00007ffa9eef7000 	C:\WINDOWS\System32\RPCRT4.dll
0x00007ffa9f530000 - 0x00007ffa9f538000 	C:\WINDOWS\System32\PSAPI.DLL
0x00007ffa7ad10000 - 0x00007ffa7ad19000 	C:\WINDOWS\SYSTEM32\WSOCK32.dll
0x00007ffa9f670000 - 0x00007ffa9f6e1000 	C:\WINDOWS\System32\WS2_32.dll
0x00007ffa9aa30000 - 0x00007ffa9aa64000 	C:\WINDOWS\SYSTEM32\WINMM.dll
0x00007ffa96310000 - 0x00007ffa9631a000 	C:\WINDOWS\SYSTEM32\VERSION.dll
0x00007ffa9c6b0000 - 0x00007ffa9c6c8000 	C:\WINDOWS\SYSTEM32\kernel.appcore.dll
0x00007ffa8ff20000 - 0x00007ffa8ff2a000 	D:\BlueJ\jdk\bin\jimage.dll
0x00007ffa9a4f0000 - 0x00007ffa9a71e000 	C:\WINDOWS\SYSTEM32\DBGHELP.DLL
0x00007ffa9f190000 - 0x00007ffa9f519000 	C:\WINDOWS\System32\combase.dll
0x00007ffa9e010000 - 0x00007ffa9e0e7000 	C:\WINDOWS\System32\OLEAUT32.dll
0x00007ffa94050000 - 0x00007ffa94082000 	C:\WINDOWS\SYSTEM32\dbgcore.DLL
0x00007ffa9db70000 - 0x00007ffa9dbeb000 	C:\WINDOWS\System32\bcryptPrimitives.dll
0x00007ffa6da30000 - 0x00007ffa6da6b000 	D:\BlueJ\jdk\bin\jdwp.dll
0x00007ffa7a3f0000 - 0x00007ffa7a415000 	D:\BlueJ\jdk\bin\java.dll
0x00007ffa6d160000 - 0x00007ffa6d236000 	D:\BlueJ\jdk\bin\jsvml.dll
0x00007ffa9e150000 - 0x00007ffa9e94a000 	C:\WINDOWS\System32\SHELL32.dll
0x00007ffa9b5e0000 - 0x00007ffa9beae000 	C:\WINDOWS\SYSTEM32\windows.storage.dll
0x00007ffa9b4a0000 - 0x00007ffa9b5de000 	C:\WINDOWS\SYSTEM32\wintypes.dll
0x00007ffa9fc90000 - 0x00007ffa9fd81000 	C:\WINDOWS\System32\SHCORE.dll
0x00007ffaa00e0000 - 0x00007ffaa013e000 	C:\WINDOWS\System32\shlwapi.dll
0x00007ffa9d560000 - 0x00007ffa9d581000 	C:\WINDOWS\SYSTEM32\profapi.dll
0x00007ffa7a1c0000 - 0x00007ffa7a1cb000 	D:\BlueJ\jdk\bin\dt_shmem.dll
0x00007ffa7ad50000 - 0x00007ffa7ad69000 	D:\BlueJ\jdk\bin\net.dll
0x00007ffa961a0000 - 0x00007ffa962d7000 	C:\WINDOWS\SYSTEM32\WINHTTP.dll
0x00007ffa9cba0000 - 0x00007ffa9cc09000 	C:\WINDOWS\system32\mswsock.dll
0x00007ffa7a8f0000 - 0x00007ffa7a905000 	D:\BlueJ\jdk\bin\nio.dll
0x00007ffa7a840000 - 0x00007ffa7a858000 	D:\BlueJ\jdk\bin\zip.dll
0x00007ffa6ce40000 - 0x00007ffa6cfce000 	D:\BlueJ\jdk\bin\awt.dll
0x00007ffa9a720000 - 0x00007ffa9a7b7000 	C:\WINDOWS\SYSTEM32\apphelp.dll
0x00007ffa9abf0000 - 0x00007ffa9ac9b000 	C:\WINDOWS\system32\uxtheme.dll
0x00007ffa410a0000 - 0x00007ffa410f7000 	C:\Program Files\Huawei\PCManager\plugins\PerfWndMonModule.dll
0x00007ffa9f540000 - 0x00007ffa9f667000 	C:\WINDOWS\System32\MSCTF.dll
0x00007ffa9f950000 - 0x00007ffa9faec000 	C:\WINDOWS\System32\ole32.dll
0x00007ffa5ef90000 - 0x00007ffa5f090000 	C:\WINDOWS\system32\opengl32.dll
0x00007ffa5ef20000 - 0x00007ffa5ef4d000 	C:\WINDOWS\SYSTEM32\GLU32.dll
0x00007ffa9acf0000 - 0x00007ffa9ad28000 	C:\WINDOWS\SYSTEM32\dxcore.dll
0x00007ffa9ae50000 - 0x00007ffa9ae7b000 	C:\WINDOWS\system32\DWMAPI.DLL
0x00007ffa6cdb0000 - 0x00007ffa6ce36000 	D:\BlueJ\jdk\bin\freetype.dll
0x00007ffa6cb30000 - 0x00007ffa6cbd8000 	D:\BlueJ\jdk\bin\fontmanager.dll
0x00007ffa957b0000 - 0x00007ffa957f8000 	C:\WINDOWS\SYSTEM32\directxdatabasehelper.dll
0x00007ffaa0140000 - 0x00007ffaa01f0000 	C:\WINDOWS\System32\clbcatq.dll
0x00007ffa96060000 - 0x00007ffa96194000 	C:\Windows\System32\AppXDeploymentClient.dll
0x00007ffa36400000 - 0x00007ffa37405000 	C:\WINDOWS\System32\DriverStore\FileRepository\iigd_dch.inf_amd64_f8c2a4c46b4b07fa\ig9icd64.dll
0x00007ffa9ad30000 - 0x00007ffa9ae26000 	C:\WINDOWS\system32\dxgi.dll
0x00007ffa1d100000 - 0x00007ffa1d51a000 	C:\WINDOWS\System32\DriverStore\FileRepository\iigd_dch.inf_amd64_f8c2a4c46b4b07fa\igdml64.dll
0x00007ffa916a0000 - 0x00007ffa91921000 	C:\WINDOWS\System32\DriverStore\FileRepository\iigd_dch.inf_amd64_f8c2a4c46b4b07fa\igdgmm64.dll
0x00007ffa8aea0000 - 0x00007ffa8dce4000 	C:\WINDOWS\System32\DriverStore\FileRepository\iigd_dch.inf_amd64_f8c2a4c46b4b07fa\igc64.dll
0x00007ffa9c820000 - 0x00007ffa9c86d000 	C:\WINDOWS\SYSTEM32\powrprof.dll
0x00007ffa9c800000 - 0x00007ffa9c813000 	C:\WINDOWS\SYSTEM32\UMPDC.dll
0x00007ffa7d830000 - 0x00007ffa7d95d000 	C:\WINDOWS\SYSTEM32\textinputframework.dll
0x00007ffa7bff0000 - 0x00007ffa7c059000 	C:\WINDOWS\system32\Oleacc.dll
0x00007ffa7a0c0000 - 0x00007ffa7a0c9000 	D:\BlueJ\jdk\bin\management.dll
0x00007ffa7a000000 - 0x00007ffa7a00b000 	D:\BlueJ\jdk\bin\management_ext.dll
0x00007ffa93e40000 - 0x00007ffa93e57000 	C:\WINDOWS\system32\napinsp.dll
0x00007ffa91bc0000 - 0x00007ffa91bdb000 	C:\WINDOWS\system32\pnrpnsp.dll
0x00007ffa9c180000 - 0x00007ffa9c273000 	C:\WINDOWS\SYSTEM32\DNSAPI.dll
0x00007ffa9c110000 - 0x00007ffa9c13d000 	C:\WINDOWS\SYSTEM32\IPHLPAPI.DLL
0x00007ffa9e950000 - 0x00007ffa9e959000 	C:\WINDOWS\System32\NSI.dll
0x00007ffa77050000 - 0x00007ffa77061000 	C:\WINDOWS\System32\winrnr.dll
0x00007ffa95b10000 - 0x00007ffa95b25000 	C:\WINDOWS\system32\wshbth.dll
0x00007ffa29560000 - 0x00007ffa29581000 	C:\WINDOWS\system32\nlansp_c.dll
0x00007ffa90350000 - 0x00007ffa9035a000 	C:\Windows\System32\rasadhlp.dll
0x00007ffa954b0000 - 0x00007ffa95534000 	C:\WINDOWS\System32\fwpuclnt.dll
0x00007ffa9ce20000 - 0x00007ffa9ce3b000 	C:\WINDOWS\SYSTEM32\CRYPTSP.dll
0x00007ffa9c620000 - 0x00007ffa9c655000 	C:\WINDOWS\system32\rsaenh.dll
0x00007ffa9ccc0000 - 0x00007ffa9cce8000 	C:\WINDOWS\SYSTEM32\USERENV.dll
0x00007ffa9d000000 - 0x00007ffa9d028000 	C:\WINDOWS\SYSTEM32\bcrypt.dll
0x00007ffa9ce40000 - 0x00007ffa9ce4c000 	C:\WINDOWS\SYSTEM32\CRYPTBASE.dll
0x00007ffa96320000 - 0x00007ffa96339000 	C:\WINDOWS\SYSTEM32\dhcpcsvc6.DLL
0x00007ffa96040000 - 0x00007ffa9605f000 	C:\WINDOWS\SYSTEM32\dhcpcsvc.DLL
0x000001fcac4f0000 - 0x000001fcac4f3000 	D:\BlueJ\lib\javafx\bin\api-ms-win-core-console-l1-1-0.dll
0x000001fcac500000 - 0x000001fcac503000 	D:\BlueJ\lib\javafx\bin\api-ms-win-core-console-l1-2-0.dll
0x000001fcac510000 - 0x000001fcac513000 	D:\BlueJ\lib\javafx\bin\api-ms-win-core-datetime-l1-1-0.dll
0x000001fcac520000 - 0x000001fcac523000 	D:\BlueJ\lib\javafx\bin\api-ms-win-core-debug-l1-1-0.dll
0x000001fcac530000 - 0x000001fcac533000 	D:\BlueJ\lib\javafx\bin\api-ms-win-core-errorhandling-l1-1-0.dll
0x000001fcac540000 - 0x000001fcac544000 	D:\BlueJ\lib\javafx\bin\api-ms-win-core-file-l1-1-0.dll
0x000001fcac550000 - 0x000001fcac553000 	D:\BlueJ\lib\javafx\bin\api-ms-win-core-file-l1-2-0.dll
0x000001fcac560000 - 0x000001fcac563000 	D:\BlueJ\lib\javafx\bin\api-ms-win-core-file-l2-1-0.dll
0x000001fcac570000 - 0x000001fcac573000 	D:\BlueJ\lib\javafx\bin\api-ms-win-core-handle-l1-1-0.dll
0x000001fcac580000 - 0x000001fcac583000 	D:\BlueJ\lib\javafx\bin\api-ms-win-core-heap-l1-1-0.dll
0x000001fcac590000 - 0x000001fcac593000 	D:\BlueJ\lib\javafx\bin\api-ms-win-core-interlocked-l1-1-0.dll
0x000001fcac5a0000 - 0x000001fcac5a3000 	D:\BlueJ\lib\javafx\bin\api-ms-win-core-libraryloader-l1-1-0.dll
0x000001fcac5b0000 - 0x000001fcac5b3000 	D:\BlueJ\lib\javafx\bin\api-ms-win-core-localization-l1-2-0.dll
0x000001fcac5c0000 - 0x000001fcac5c3000 	D:\BlueJ\lib\javafx\bin\api-ms-win-core-memory-l1-1-0.dll
0x000001fcac5d0000 - 0x000001fcac5d3000 	D:\BlueJ\lib\javafx\bin\api-ms-win-core-namedpipe-l1-1-0.dll
0x000001fcac5e0000 - 0x000001fcac5e3000 	D:\BlueJ\lib\javafx\bin\api-ms-win-core-processenvironment-l1-1-0.dll
0x000001fcac5f0000 - 0x000001fcac5f3000 	D:\BlueJ\lib\javafx\bin\api-ms-win-core-processthreads-l1-1-0.dll
0x000001fcac600000 - 0x000001fcac603000 	D:\BlueJ\lib\javafx\bin\api-ms-win-core-processthreads-l1-1-1.dll
0x000001fcac610000 - 0x000001fcac613000 	D:\BlueJ\lib\javafx\bin\api-ms-win-core-profile-l1-1-0.dll
0x000001fcac620000 - 0x000001fcac623000 	D:\BlueJ\lib\javafx\bin\api-ms-win-core-rtlsupport-l1-1-0.dll
0x000001fcac630000 - 0x000001fcac633000 	D:\BlueJ\lib\javafx\bin\api-ms-win-core-string-l1-1-0.dll
0x000001fcac640000 - 0x000001fcac643000 	D:\BlueJ\lib\javafx\bin\api-ms-win-core-synch-l1-1-0.dll
0x000001fcac650000 - 0x000001fcac653000 	D:\BlueJ\lib\javafx\bin\api-ms-win-core-synch-l1-2-0.dll
0x000001fcac660000 - 0x000001fcac663000 	D:\BlueJ\lib\javafx\bin\api-ms-win-core-sysinfo-l1-1-0.dll
0x000001fcac670000 - 0x000001fcac673000 	D:\BlueJ\lib\javafx\bin\api-ms-win-core-timezone-l1-1-0.dll
0x000001fcac680000 - 0x000001fcac683000 	D:\BlueJ\lib\javafx\bin\api-ms-win-core-util-l1-1-0.dll
0x000001fcac690000 - 0x000001fcac693000 	D:\BlueJ\lib\javafx\bin\api-ms-win-crt-conio-l1-1-0.dll
0x000001fcac6a0000 - 0x000001fcac6a4000 	D:\BlueJ\lib\javafx\bin\api-ms-win-crt-convert-l1-1-0.dll
0x000001fcac6b0000 - 0x000001fcac6b3000 	D:\BlueJ\lib\javafx\bin\api-ms-win-crt-environment-l1-1-0.dll
0x000001fcac6c0000 - 0x000001fcac6c3000 	D:\BlueJ\lib\javafx\bin\api-ms-win-crt-filesystem-l1-1-0.dll
0x000001fcac6d0000 - 0x000001fcac6d3000 	D:\BlueJ\lib\javafx\bin\api-ms-win-crt-heap-l1-1-0.dll
0x000001fcac6e0000 - 0x000001fcac6e3000 	D:\BlueJ\lib\javafx\bin\api-ms-win-crt-locale-l1-1-0.dll
0x000001fcac6f0000 - 0x000001fcac6f5000 	D:\BlueJ\lib\javafx\bin\api-ms-win-crt-math-l1-1-0.dll
0x000001fcac700000 - 0x000001fcac705000 	D:\BlueJ\lib\javafx\bin\api-ms-win-crt-multibyte-l1-1-0.dll
0x000001fcac710000 - 0x000001fcac720000 	D:\BlueJ\lib\javafx\bin\api-ms-win-crt-private-l1-1-0.dll
0x000001fcac720000 - 0x000001fcac723000 	D:\BlueJ\lib\javafx\bin\api-ms-win-crt-process-l1-1-0.dll
0x000001fcac730000 - 0x000001fcac734000 	D:\BlueJ\lib\javafx\bin\api-ms-win-crt-runtime-l1-1-0.dll

dbghelp: loaded successfully - version: 4.0.5 - missing functions: none
symbol engine: initialized successfully - sym options: 0x614 - pdb path: .;D:\BlueJ\jdk\bin;C:\WINDOWS\SYSTEM32;C:\WINDOWS\WinSxS\amd64_microsoft.windows.common-controls_6595b64144ccf1df_6.0.22621.1635_none_270f70857386168e;D:\BlueJ\jdk\bin\server;C:\Program Files\Huawei\PCManager\plugins;C:\WINDOWS\System32\DriverStore\FileRepository\iigd_dch.inf_amd64_f8c2a4c46b4b07fa;D:\BlueJ\lib\javafx\bin

VM Arguments:
jvm_args: -ea -agentlib:jdwp=transport=dt_shmem,address=javadebug -Dfile.encoding=UTF-8 
java_command: bluej.runtime.ExecServer UTF-8
java_class_path (initial): D:\BlueJ\lib\bluejcore.jar;D:\BlueJ\lib\junit-jupiter-5.5.2.jar;D:\BlueJ\lib\junit-jupiter-api-5.5.2.jar;D:\BlueJ\lib\junit-jupiter-engine-5.5.2.jar;D:\BlueJ\lib\junit-jupiter-migrationsupport-5.5.2.jar;D:\BlueJ\lib\junit-jupiter-params-5.5.2.jar;D:\BlueJ\lib\junit-platform-commons-1.5.2.jar;D:\BlueJ\lib\junit-platform-console-1.5.2.jar;D:\BlueJ\lib\junit-platform-console-standalone-1.5.2.jar;D:\BlueJ\lib\junit-platform-engine-1.5.2.jar;D:\BlueJ\lib\junit-platform-launcher-1.5.2.jar;D:\BlueJ\lib\junit-platform-reporting-1.5.2.jar;D:\BlueJ\lib\junit-platform-runner-1.5.2.jar;D:\BlueJ\lib\junit-platform-suite-api-1.5.2.jar;D:\BlueJ\lib\junit-platform-testkit-1.5.2.jar;D:\BlueJ\lib\junit-quickcheck-core-0.9.jar;D:\BlueJ\lib\junit-vintage-engine-5.5.2.jar;D:\BlueJ\lib\hamcrest-core-1.3.jar;D:\BlueJ\lib\hamcrest-library-1.3.jar;D:\BlueJ\lib\lang-stride.jar;D:\BlueJ\lib\javafx\lib\javafx.base.jar;D:\BlueJ\lib\javafx\lib\javafx.controls.jar;D:\BlueJ\lib\javafx\lib\javafx.fxml.jar;D:\BlueJ\lib\javafx\lib\javafx.graphics.jar;D:\BlueJ\lib\javafx\lib\javafx.media.jar;D:\BlueJ\lib\javafx\lib\javafx.properties.jar;D:\BlueJ\lib\javafx\lib\javafx.swing.jar;D:\BlueJ\lib\javafx\lib\javafx.web.jar;D:\BlueJ\lib\javafx\lib\javafx.base.jar;D:\BlueJ\lib\javafx\lib\javafx.controls.jar;D:\BlueJ\lib\javafx\lib\javafx.fxml.jar;D:\BlueJ\lib\javafx\lib\javafx.graphics.jar;D:\BlueJ\lib\javafx\lib\javafx.media.jar;D:\BlueJ\lib\javafx\lib\javafx.properties.jar;D:\BlueJ\lib\javafx\lib\javafx.swing.jar;D:\BlueJ\lib\javafx\lib\javafx.web.jar;D:\INFQ11-RacingGame\+libs\engine-alpha (1).jar
Launcher Type: SUN_STANDARD

[Global flags]
     intx CICompilerCount                          = 4                                         {product} {ergonomic}
     uint ConcGCThreads                            = 2                                         {product} {ergonomic}
     uint G1ConcRefinementThreads                  = 8                                         {product} {ergonomic}
   size_t G1HeapRegionSize                         = 1048576                                   {product} {ergonomic}
    uintx GCDrainStackTargetSize                   = 64                                        {product} {ergonomic}
   size_t InitialHeapSize                          = 132120576                                 {product} {ergonomic}
   size_t MarkStackSize                            = 4194304                                   {product} {ergonomic}
   size_t MaxHeapSize                              = 2107637760                                {product} {ergonomic}
   size_t MaxNewSize                               = 1264582656                                {product} {ergonomic}
   size_t MinHeapDeltaBytes                        = 1048576                                   {product} {ergonomic}
   size_t MinHeapSize                              = 8388608                                   {product} {ergonomic}
    uintx NonNMethodCodeHeapSize                   = 5839372                                {pd product} {ergonomic}
    uintx NonProfiledCodeHeapSize                  = 122909434                              {pd product} {ergonomic}
    uintx ProfiledCodeHeapSize                     = 122909434                              {pd product} {ergonomic}
    uintx ReservedCodeCacheSize                    = 251658240                              {pd product} {ergonomic}
     bool SegmentedCodeCache                       = true                                      {product} {ergonomic}
   size_t SoftMaxHeapSize                          = 2107637760                             {manageable} {ergonomic}
     bool UseCompressedClassPointers               = true                           {product lp64_product} {ergonomic}
     bool UseCompressedOops                        = true                           {product lp64_product} {ergonomic}
     bool UseG1GC                                  = true                                      {product} {ergonomic}
     bool UseLargePagesIndividualAllocation        = false                                  {pd product} {ergonomic}

Logging:
Log output configuration:
 #0: stdout all=warning uptime,level,tags
 #1: stderr all=off uptime,level,tags

Environment Variables:
PATH=C:\Program Files\Common Files\Oracle\Java\javapath;C:\Windows\system32;C:\Windows;C:\Windows\System32\Wbem;C:\Windows\System32\WindowsPowerShell\v1.0\;C:\Windows\System32\OpenSSH\;C:\Program Files (x86)\NVIDIA Corporation\PhysX\Common;C:\Program Files\NVIDIA Corporation\NVIDIA NvDLISR;C:\Program Files\Intel\WiFi\bin\;C:\Program Files\Common Files\Intel\WirelessCommon\;C:\WINDOWS\system32;C:\WINDOWS;C:\WINDOWS\System32\Wbem;C:\WINDOWS\System32\WindowsPowerShell\v1.0\;C:\WINDOWS\System32\OpenSSH\;D:\Git\cmd;C:\Program Files\Docker\Docker\resources\bin;C:\Users\EmbMax (Schule)\AppData\Local\Microsoft\WindowsApps;D:\Microsoft VS Code\bin;D:\NVim\bin
USERNAME=EmbMax (Schule)
OS=Windows_NT
PROCESSOR_IDENTIFIER=Intel64 Family 6 Model 142 Stepping 12, GenuineIntel
TMP=C:\Users\EMBMAX~1\AppData\Local\Temp
TEMP=C:\Users\EMBMAX~1\AppData\Local\Temp



---------------  S Y S T E M  ---------------

OS:
 Windows 11 , 64 bit Build 22621 (10.0.22621.1778)
OS uptime: 5 days 0:37 hours
Hyper-V role detected

CPU: total 8 (initial active 8) (4 cores per cpu, 2 threads per core) family 6 model 142 stepping 12 microcode 0xde, cx8, cmov, fxsr, ht, mmx, 3dnowpref, sse, sse2, sse3, ssse3, sse4.1, sse4.2, popcnt, lzcnt, tsc, tscinvbit, avx, avx2, aes, erms, clmul, bmi1, bmi2, adx, fma, vzeroupper, clflush, clflushopt, hv

Memory: 4k page, system-wide physical 8037M (1943M free)
TotalPageFile size 19813M (AvailPageFile size 9675M)
current process WorkingSet (physical memory assigned to process): 344M, peak: 431M
current process commit charge ("private bytes"): 322M, peak: 330M

vm_info: OpenJDK 64-Bit Server VM (17.0.4+8) for windows-amd64 JRE (17.0.4+8), built on Jul 19 2022 16:05:16 by "temurin" with MS VC++ 16.7 (VS2019)

END.
